time="2021-10-30T20:39:38-07:00" level=info msg="Node UUID 2be941aa-39fc-11ec-bf58-024b3b9646f6 up!" NodeDaemonPID=2812
time="2021-10-30T20:39:38-07:00" level=info msg="subbing to NewJobs topic" NodeDaemonPID=2812
time="2021-10-30T20:39:38-07:00" level=info msg="subbing to job receive topic" NodeDaemonPID=2812
time="2021-10-30T20:39:38-07:00" level=info msg="subbing to TaskStatusQuery topic" NodeDaemonPID=2812
time="2021-10-30T20:39:38-07:00" level=info msg="subbing to announce-join topic" NodeDaemonPID=2812
time="2021-10-30T20:39:43-07:00" level=error msg="failure: queue was locked for deque" NodeDaemonPID=2812 error="empty queue"
time="2021-10-30T20:39:48-07:00" level=error msg="failure: queue was locked for deque" NodeDaemonPID=2812 error="empty queue"
time="2021-10-30T20:39:53-07:00" level=error msg="failure: queue was locked for deque" NodeDaemonPID=2812 error="empty queue"
time="2021-10-30T20:39:58-07:00" level=error msg="failure: queue was locked for deque" NodeDaemonPID=2812 error="empty queue"
time="2021-10-30T20:40:03-07:00" level=error msg="failure: queue was locked for deque" NodeDaemonPID=2812 error="empty queue"
time="2021-10-30T20:40:08-07:00" level=error msg="failure: queue was locked for deque" NodeDaemonPID=2812 error="empty queue"
time="2021-10-30T20:40:13-07:00" level=error msg="failure: queue was locked for deque" NodeDaemonPID=2812 error="empty queue"
time="2021-10-30T20:40:18-07:00" level=error msg="failure: queue was locked for deque" NodeDaemonPID=2812 error="empty queue"
time="2021-10-30T20:40:23-07:00" level=error msg="failure: queue was locked for deque" NodeDaemonPID=2812 error="empty queue"
time="2021-10-30T20:40:28-07:00" level=error msg="failure: queue was locked for deque" NodeDaemonPID=2812 error="empty queue"
time="2021-10-30T20:40:33-07:00" level=error msg="failure: queue was locked for deque" NodeDaemonPID=2812 error="empty queue"
time="2021-10-30T20:40:38-07:00" level=error msg="failure: queue was locked for deque" NodeDaemonPID=2812 error="empty queue"
time="2021-10-30T20:40:43-07:00" level=error msg="failure: queue was locked for deque" NodeDaemonPID=2812 error="empty queue"
time="2021-10-30T20:40:48-07:00" level=error msg="failure: queue was locked for deque" NodeDaemonPID=2812 error="empty queue"
time="2021-10-30T20:40:53-07:00" level=error msg="failure: queue was locked for deque" NodeDaemonPID=2812 error="empty queue"
time="2021-10-30T20:40:58-07:00" level=error msg="failure: queue was locked for deque" NodeDaemonPID=2812 error="empty queue"
time="2021-10-30T20:41:03-07:00" level=error msg="failure: queue was locked for deque" NodeDaemonPID=2812 error="empty queue"
time="2021-10-30T20:41:08-07:00" level=error msg="failure: queue was locked for deque" NodeDaemonPID=2812 error="empty queue"
time="2021-10-30T20:41:13-07:00" level=error msg="failure: queue was locked for deque" NodeDaemonPID=2812 error="empty queue"
time="2021-10-30T20:41:18-07:00" level=error msg="failure: queue was locked for deque" NodeDaemonPID=2812 error="empty queue"
time="2021-10-30T20:41:23-07:00" level=error msg="failure: queue was locked for deque" NodeDaemonPID=2812 error="empty queue"
time="2021-10-30T20:41:28-07:00" level=error msg="failure: queue was locked for deque" NodeDaemonPID=2812 error="empty queue"
time="2021-10-30T20:41:33-07:00" level=error msg="failure: queue was locked for deque" NodeDaemonPID=2812 error="empty queue"
time="2021-10-30T20:41:38-07:00" level=error msg="failure: queue was locked for deque" NodeDaemonPID=2812 error="empty queue"
time="2021-10-30T20:41:43-07:00" level=error msg="failure: queue was locked for deque" NodeDaemonPID=2812 error="empty queue"
time="2021-10-30T20:41:48-07:00" level=error msg="failure: queue was locked for deque" NodeDaemonPID=2812 error="empty queue"
time="2021-10-30T20:41:53-07:00" level=error msg="failure: queue was locked for deque" NodeDaemonPID=2812 error="empty queue"
time="2021-10-30T20:41:58-07:00" level=error msg="failure: queue was locked for deque" NodeDaemonPID=2812 error="empty queue"
time="2021-10-30T20:42:03-07:00" level=error msg="failure: queue was locked for deque" NodeDaemonPID=2812 error="empty queue"
time="2021-10-30T20:42:08-07:00" level=error msg="failure: queue was locked for deque" NodeDaemonPID=2812 error="empty queue"
time="2021-10-30T20:42:13-07:00" level=error msg="failure: queue was locked for deque" NodeDaemonPID=2812 error="empty queue"
time="2021-10-30T20:42:18-07:00" level=error msg="failure: queue was locked for deque" NodeDaemonPID=2812 error="empty queue"
time="2021-10-30T20:42:23-07:00" level=error msg="failure: queue was locked for deque" NodeDaemonPID=2812 error="empty queue"
time="2021-10-30T20:42:28-07:00" level=error msg="failure: queue was locked for deque" NodeDaemonPID=2812 error="empty queue"
time="2021-10-30T20:42:33-07:00" level=error msg="failure: queue was locked for deque" NodeDaemonPID=2812 error="empty queue"
time="2021-10-30T20:42:38-07:00" level=error msg="failure: queue was locked for deque" NodeDaemonPID=2812 error="empty queue"
time="2021-10-30T20:42:43-07:00" level=error msg="failure: queue was locked for deque" NodeDaemonPID=2812 error="empty queue"
time="2021-10-30T20:42:48-07:00" level=error msg="failure: queue was locked for deque" NodeDaemonPID=2812 error="empty queue"
time="2021-10-30T20:42:53-07:00" level=error msg="failure: queue was locked for deque" NodeDaemonPID=2812 error="empty queue"
time="2021-10-30T20:42:58-07:00" level=error msg="failure: queue was locked for deque" NodeDaemonPID=2812 error="empty queue"
time="2021-10-30T20:43:03-07:00" level=error msg="failure: queue was locked for deque" NodeDaemonPID=2812 error="empty queue"
time="2021-10-30T20:43:08-07:00" level=error msg="failure: queue was locked for deque" NodeDaemonPID=2812 error="empty queue"
time="2021-10-30T20:43:13-07:00" level=error msg="failure: queue was locked for deque" NodeDaemonPID=2812 error="empty queue"
time="2021-10-30T20:43:18-07:00" level=error msg="failure: queue was locked for deque" NodeDaemonPID=2812 error="empty queue"
time="2021-10-30T20:43:23-07:00" level=error msg="failure: queue was locked for deque" NodeDaemonPID=2812 error="empty queue"
time="2021-10-30T20:43:24-07:00" level=info msg="subMsg received on NewJobs, publishing on job score: Qmd4kKqh4batj73JBYvhaWE4tryb64sbLtr7ewVapnysEq" NodeDaemonPID=2812
time="2021-10-30T20:43:24-07:00" level=info msg="publishing score of 2" NodeDaemonPID=2812
time="2021-10-30T20:43:24-07:00" level=info msg="subbing to NewJobs topic" NodeDaemonPID=2812
time="2021-10-30T20:43:26-07:00" level=info msg="subMsg received on jobs receive: 2812:Qmd4kKqh4batj73JBYvhaWE4tryb64sbLtr7ewVapnysEq" NodeDaemonPID=2812
time="2021-10-30T20:43:26-07:00" level=info msg="I recieved job: Qmd4kKqh4batj73JBYvhaWE4tryb64sbLtr7ewVapnysEq" NodeDaemonPID=2812
time="2021-10-30T20:43:26-07:00" level=info msg="subbing to job receive topic" NodeDaemonPID=2812
time="2021-10-30T20:43:28-07:00" level=error msg="problem reading ./out/ dir" NodeDaemonPID=2812 error="open ./ipfs_out/: not a directory"
time="2021-10-30T20:43:33-07:00" level=error msg="failure: queue was locked for deque" NodeDaemonPID=2812 error="empty queue"
time="2021-10-30T20:43:38-07:00" level=error msg="failure: queue was locked for deque" NodeDaemonPID=2812 error="empty queue"
time="2021-10-30T20:43:43-07:00" level=error msg="failure: queue was locked for deque" NodeDaemonPID=2812 error="empty queue"
time="2021-10-30T20:43:48-07:00" level=error msg="failure: queue was locked for deque" NodeDaemonPID=2812 error="empty queue"
time="2021-10-30T20:43:53-07:00" level=error msg="failure: queue was locked for deque" NodeDaemonPID=2812 error="empty queue"
time="2021-10-30T20:43:58-07:00" level=error msg="failure: queue was locked for deque" NodeDaemonPID=2812 error="empty queue"
time="2021-10-30T20:44:03-07:00" level=error msg="failure: queue was locked for deque" NodeDaemonPID=2812 error="empty queue"
time="2021-10-30T20:44:08-07:00" level=error msg="failure: queue was locked for deque" NodeDaemonPID=2812 error="empty queue"
time="2021-10-30T20:44:13-07:00" level=error msg="failure: queue was locked for deque" NodeDaemonPID=2812 error="empty queue"
time="2021-10-30T20:44:18-07:00" level=error msg="failure: queue was locked for deque" NodeDaemonPID=2812 error="empty queue"
time="2021-10-30T20:44:23-07:00" level=error msg="failure: queue was locked for deque" NodeDaemonPID=2812 error="empty queue"
time="2021-10-30T20:44:28-07:00" level=error msg="failure: queue was locked for deque" NodeDaemonPID=2812 error="empty queue"
time="2021-10-30T20:44:33-07:00" level=error msg="failure: queue was locked for deque" NodeDaemonPID=2812 error="empty queue"
time="2021-10-30T20:44:38-07:00" level=error msg="failure: queue was locked for deque" NodeDaemonPID=2812 error="empty queue"
time="2021-10-30T20:44:43-07:00" level=error msg="failure: queue was locked for deque" NodeDaemonPID=2812 error="empty queue"
time="2021-10-30T20:44:47-07:00" level=info msg="got terminate cmd, terminating daemon.. " NodeDaemonPID=2812
