time="2021-10-30T20:48:09-07:00" level=info msg="Node UUID 5cb4fc46-39fd-11ec-9e31-024b3b9646f6 up!" NodeDaemonPID=3140
time="2021-10-30T20:48:09-07:00" level=info msg="subbing to NewJobs topic" NodeDaemonPID=3140
time="2021-10-30T20:48:09-07:00" level=info msg="subbing to TaskStatusQuery topic" NodeDaemonPID=3140
time="2021-10-30T20:48:09-07:00" level=info msg="subbing to job receive topic" NodeDaemonPID=3140
time="2021-10-30T20:48:09-07:00" level=info msg="subbing to announce-join topic" NodeDaemonPID=3140
time="2021-10-30T20:48:37-07:00" level=info msg="subMsg received on NewJobs, publishing on job score: Qmd4kKqh4batj73JBYvhaWE4tryb64sbLtr7ewVapnysEq" NodeDaemonPID=3140
time="2021-10-30T20:48:37-07:00" level=info msg="publishing score of 2" NodeDaemonPID=3140
time="2021-10-30T20:48:37-07:00" level=info msg="subbing to NewJobs topic" NodeDaemonPID=3140
time="2021-10-30T20:48:39-07:00" level=info msg="subMsg received on jobs receive: 3140:Qmd4kKqh4batj73JBYvhaWE4tryb64sbLtr7ewVapnysEq" NodeDaemonPID=3140
time="2021-10-30T20:48:39-07:00" level=info msg="I recieved job: Qmd4kKqh4batj73JBYvhaWE4tryb64sbLtr7ewVapnysEq" NodeDaemonPID=3140
time="2021-10-30T20:48:39-07:00" level=info msg="subbing to job receive topic" NodeDaemonPID=3140
time="2021-10-30T20:48:39-07:00" level=error msg="problem reading ./out/ dir" NodeDaemonPID=3140 error="open ./ipfs_out/: not a directory"
time="2021-10-30T20:53:18-07:00" level=info msg="subMsg received on NewJobs, publishing on job score: Qmd4kKqh4batj73JBYvhaWE4tryb64sbLtr7ewVapnysEq" NodeDaemonPID=3140
time="2021-10-30T20:53:18-07:00" level=info msg="publishing score of 8" NodeDaemonPID=3140
time="2021-10-30T20:53:18-07:00" level=info msg="subbing to NewJobs topic" NodeDaemonPID=3140
time="2021-10-30T20:53:20-07:00" level=info msg="subMsg received on jobs receive: 3140:Qmd4kKqh4batj73JBYvhaWE4tryb64sbLtr7ewVapnysEq" NodeDaemonPID=3140
time="2021-10-30T20:53:20-07:00" level=info msg="I recieved job: Qmd4kKqh4batj73JBYvhaWE4tryb64sbLtr7ewVapnysEq" NodeDaemonPID=3140
time="2021-10-30T20:53:20-07:00" level=info msg="subbing to job receive topic" NodeDaemonPID=3140
time="2021-10-30T20:53:24-07:00" level=error msg="problem reading ./out/ dir" NodeDaemonPID=3140 error="open ./ipfs_out/: not a directory"
time="2021-10-30T20:54:05-07:00" level=info msg="got terminate cmd, terminating daemon.. " NodeDaemonPID=3140
