time="2021-10-30T20:54:12-07:00" level=info msg="Node UUID 34b919d1-39fe-11ec-ab6b-024b3b9646f6 up!" NodeDaemonPID=3321
time="2021-10-30T20:54:12-07:00" level=info msg="subbing to job receive topic" NodeDaemonPID=3321
time="2021-10-30T20:54:12-07:00" level=info msg="subbing to NewJobs topic" NodeDaemonPID=3321
time="2021-10-30T20:54:12-07:00" level=info msg="subbing to announce-join topic" NodeDaemonPID=3321
time="2021-10-30T20:54:12-07:00" level=info msg="subbing to TaskStatusQuery topic" NodeDaemonPID=3321
time="2021-10-30T20:54:20-07:00" level=info msg="subMsg received on NewJobs, publishing on job score: Qmd4kKqh4batj73JBYvhaWE4tryb64sbLtr7ewVapnysEq" NodeDaemonPID=3321
time="2021-10-30T20:54:20-07:00" level=info msg="publishing score of 2" NodeDaemonPID=3321
time="2021-10-30T20:54:20-07:00" level=info msg="subbing to NewJobs topic" NodeDaemonPID=3321
time="2021-10-30T20:54:22-07:00" level=info msg="subMsg received on jobs receive: 3321:Qmd4kKqh4batj73JBYvhaWE4tryb64sbLtr7ewVapnysEq" NodeDaemonPID=3321
time="2021-10-30T20:54:22-07:00" level=info msg="I recieved job: Qmd4kKqh4batj73JBYvhaWE4tryb64sbLtr7ewVapnysEq" NodeDaemonPID=3321
time="2021-10-30T20:54:22-07:00" level=info msg="subbing to job receive topic" NodeDaemonPID=3321
time="2021-10-30T20:54:22-07:00" level=error msg="problem reading ./out/ dir" NodeDaemonPID=3321 error="open ~/ipfs_output/: no such file or directory"
time="2021-10-30T20:54:51-07:00" level=info msg="subMsg received on NewJobs, publishing on job score: Qmd4kKqh4batj73JBYvhaWE4tryb64sbLtr7ewVapnysEq" NodeDaemonPID=3321
time="2021-10-30T20:54:51-07:00" level=info msg="publishing score of 8" NodeDaemonPID=3321
time="2021-10-30T20:54:51-07:00" level=info msg="subbing to NewJobs topic" NodeDaemonPID=3321
time="2021-10-30T20:54:53-07:00" level=info msg="subMsg received on jobs receive: 3321:Qmd4kKqh4batj73JBYvhaWE4tryb64sbLtr7ewVapnysEq" NodeDaemonPID=3321
time="2021-10-30T20:54:53-07:00" level=info msg="I recieved job: Qmd4kKqh4batj73JBYvhaWE4tryb64sbLtr7ewVapnysEq" NodeDaemonPID=3321
time="2021-10-30T20:54:53-07:00" level=info msg="subbing to job receive topic" NodeDaemonPID=3321
time="2021-10-30T20:54:57-07:00" level=error msg="problem reading ./out/ dir" NodeDaemonPID=3321 error="open ~/ipfs_output/: no such file or directory"
time="2021-10-30T20:57:11-07:00" level=info msg="got terminate cmd, terminating daemon.. " NodeDaemonPID=3321
