time="2021-10-30T21:17:44-07:00" level=info msg="Node UUID 7ea694da-3a01-11ec-942a-024b3b9646f6 up!" NodeDaemonPID=4721
time="2021-10-30T21:17:44-07:00" level=info msg="subbing to announce-join topic" NodeDaemonPID=4721
time="2021-10-30T21:17:44-07:00" level=info msg="subbing to NewJobs topic" NodeDaemonPID=4721
time="2021-10-30T21:17:44-07:00" level=info msg="subbing to TaskStatusQuery topic" NodeDaemonPID=4721
time="2021-10-30T21:17:44-07:00" level=info msg="subbing to job receive topic" NodeDaemonPID=4721
time="2021-10-30T21:17:48-07:00" level=info msg="subMsg received on NewJobs, publishing on job score: Qmd4kKqh4batj73JBYvhaWE4tryb64sbLtr7ewVapnysEq" NodeDaemonPID=4721
time="2021-10-30T21:17:48-07:00" level=info msg="publishing score of 2" NodeDaemonPID=4721
time="2021-10-30T21:17:48-07:00" level=info msg="subbing to NewJobs topic" NodeDaemonPID=4721
time="2021-10-30T21:17:50-07:00" level=info msg="subMsg received on jobs receive: 4721:Qmd4kKqh4batj73JBYvhaWE4tryb64sbLtr7ewVapnysEq" NodeDaemonPID=4721
time="2021-10-30T21:17:50-07:00" level=info msg="I recieved job: Qmd4kKqh4batj73JBYvhaWE4tryb64sbLtr7ewVapnysEq" NodeDaemonPID=4721
time="2021-10-30T21:17:50-07:00" level=info msg="subbing to job receive topic" NodeDaemonPID=4721
time="2021-10-30T21:17:55-07:00" level=info msg="Docker image loaded: hello-world:latest\n" NodeDaemonPID=4721
time="2021-10-30T21:17:55-07:00" level=info msg="docker run output captured" NodeDaemonPID=4721 docker_output="\nHello from Docker!\nThis message shows that your installation appears to be working correctly.\n\nTo generate this message, Docker took the following steps:\n 1. The Docker client contacted the Docker daemon.\n 2. The Docker daemon pulled the \"hello-world\" image from the Docker Hub.\n    (amd64)\n 3. The Docker daemon created a new container from that image which runs the\n    executable that produces the output you are currently reading.\n 4. The Docker daemon streamed that output to the Docker client, which sent it\n    to your terminal.\n\nTo try something more ambitious, you can run an Ubuntu container with:\n $ docker run -it ubuntu bash\n\nShare images, automate workflows, and more with a free Docker ID:\n https://hub.docker.com/\n\nFor more examples and ideas, visit:\n https://docs.docker.com/get-started/\n\n"
time="2021-10-30T21:17:56-07:00" level=info msg="AFTER: images SHOULD show hello-world: REPOSITORY            TAG              IMAGE ID       CREATED        SIZE\nmongo                 latest           fefd78e9381a   2 weeks ago    699MB\ntextile/go-threads    latest           1ed4af6539fc   3 weeks ago    58.1MB\nhello-world           latest           feb5d9fea6a5   5 weeks ago    13.3kB\nsentinelhub/eolearn   latest           c92f1dbf9d21   6 weeks ago    2.69GB\ndocker101tutorial     latest           7bcc1d5e8d9b   2 months ago   28.2MB\nredis                 latest           ddcca4b8a6f0   2 months ago   105MB\nnginx                 latest           dd34e67e3371   2 months ago   133MB\npionwebrtc/ion-sfu    latest-allrpc    d11d3ae20e79   3 months ago   31.4MB\npionwebrtc/ion-sfu    latest-jsonrpc   abf67dc0fd02   3 months ago   29.1MB\nalpine/git            latest           b8f176fa3f0d   5 months ago   25.1MB\nlambci/lambda         python3.7        22b4b6fd9260   9 months ago   946MB\ncomputes/daemon       latest           4002ecdd2239   3 years ago    14.6MB\nkkphk/fibonacci       latest           e6919ae42789   5 years ago    752MB\n" NodeDaemonPID=4721
time="2021-10-30T22:08:04-07:00" level=info msg="subMsg received on NewJobs, publishing on job score: Qmd4kKqh4batj73JBYvhaWE4tryb64sbLtr7ewVapnysEq" NodeDaemonPID=4721
time="2021-10-30T22:08:04-07:00" level=info msg="publishing score of 8" NodeDaemonPID=4721
time="2021-10-30T22:08:04-07:00" level=info msg="subbing to NewJobs topic" NodeDaemonPID=4721
time="2021-10-30T22:08:06-07:00" level=info msg="subMsg received on jobs receive: 4721:Qmd4kKqh4batj73JBYvhaWE4tryb64sbLtr7ewVapnysEq" NodeDaemonPID=4721
time="2021-10-30T22:08:06-07:00" level=info msg="I recieved job: Qmd4kKqh4batj73JBYvhaWE4tryb64sbLtr7ewVapnysEq" NodeDaemonPID=4721
time="2021-10-30T22:08:06-07:00" level=info msg="subbing to job receive topic" NodeDaemonPID=4721
time="2021-10-30T22:08:13-07:00" level=info msg="Docker image loaded: hello-world:latest\n" NodeDaemonPID=4721
time="2021-10-30T22:08:16-07:00" level=info msg="docker run output captured" NodeDaemonPID=4721 docker_output="\nHello from Docker!\nThis message shows that your installation appears to be working correctly.\n\nTo generate this message, Docker took the following steps:\n 1. The Docker client contacted the Docker daemon.\n 2. The Docker daemon pulled the \"hello-world\" image from the Docker Hub.\n    (amd64)\n 3. The Docker daemon created a new container from that image which runs the\n    executable that produces the output you are currently reading.\n 4. The Docker daemon streamed that output to the Docker client, which sent it\n    to your terminal.\n\nTo try something more ambitious, you can run an Ubuntu container with:\n $ docker run -it ubuntu bash\n\nShare images, automate workflows, and more with a free Docker ID:\n https://hub.docker.com/\n\nFor more examples and ideas, visit:\n https://docs.docker.com/get-started/\n\n"
time="2021-10-30T22:08:17-07:00" level=info msg="AFTER: images SHOULD show hello-world: REPOSITORY            TAG              IMAGE ID       CREATED        SIZE\nmongo                 latest           fefd78e9381a   2 weeks ago    699MB\ntextile/go-threads    latest           1ed4af6539fc   3 weeks ago    58.1MB\nhello-world           latest           feb5d9fea6a5   5 weeks ago    13.3kB\nsentinelhub/eolearn   latest           c92f1dbf9d21   6 weeks ago    2.69GB\ndocker101tutorial     latest           7bcc1d5e8d9b   2 months ago   28.2MB\nredis                 latest           ddcca4b8a6f0   2 months ago   105MB\nnginx                 latest           dd34e67e3371   2 months ago   133MB\npionwebrtc/ion-sfu    latest-allrpc    d11d3ae20e79   3 months ago   31.4MB\npionwebrtc/ion-sfu    latest-jsonrpc   abf67dc0fd02   3 months ago   29.1MB\nalpine/git            latest           b8f176fa3f0d   5 months ago   25.1MB\nlambci/lambda         python3.7        22b4b6fd9260   9 months ago   946MB\ncomputes/daemon       latest           4002ecdd2239   3 years ago    14.6MB\nkkphk/fibonacci       latest           e6919ae42789   5 years ago    752MB\n" NodeDaemonPID=4721
time="2021-10-30T22:08:24-07:00" level=info msg="got terminate cmd, terminating daemon.. " NodeDaemonPID=4721
